Active-HDL 15.0.260.9131 2025-11-28 11:58:12

Elaboration top modules:
Architecture                  behavioral(RAM256)


-------------------------------------------------------------------------------------------
Entity   | Architecture | Library | Info | Compiler Version          | Compilation Options
-------------------------------------------------------------------------------------------
RAM256   | behavioral   | ram256  |      | 15.0.260.9131 (Windows64) | -O3 -2008
-------------------------------------------------------------------------------------------

-------------------------------------------------------------------------------------------
VHDL Package            | Library | Info | Compiler Version          | Compilation Options
-------------------------------------------------------------------------------------------
standard                | std     |      |                           | <unavailable>
TEXTIO                  | std     |      | 15.0.260.9131 (Windows64) |  -2019
std_logic_1164          | ieee    |      | 15.0.260.9131 (Windows64) |  -2008
NUMERIC_STD             | ieee    |      | 15.0.260.9131 (Windows64) |  -2008
-------------------------------------------------------------------------------------------

-------------------------------------------------------------------------------------------
Library                 | Comment
-------------------------------------------------------------------------------------------
ieee                    | Standard IEEE packages library
ram256                  | None
std                     | Standard VHDL library
-------------------------------------------------------------------------------------------
