Active-HDL 15.0.260.9131 2025-11-17 12:15:30

Elaboration top modules:
Architecture                  behavioral(registerFile)


----------------------------------------------------------------------------------------------------
Entity       | Architecture | Library      | Info | Compiler Version          | Compilation Options
----------------------------------------------------------------------------------------------------
registerFile | behavioral   | registerFile |      | 15.0.260.9131 (Windows64) | -O3 -2008
----------------------------------------------------------------------------------------------------

----------------------------------------------------------------------------------------------------
VHDL Package                | Library      | Info | Compiler Version          | Compilation Options
----------------------------------------------------------------------------------------------------
standard                    | std          |      |                           | <unavailable>
TEXTIO                      | std          |      | 15.0.260.9131 (Windows64) |  -2019
std_logic_1164              | ieee         |      | 15.0.260.9131 (Windows64) |  -2008
NUMERIC_STD                 | ieee         |      | 15.0.260.9131 (Windows64) |  -2008
----------------------------------------------------------------------------------------------------

----------------------------------------------------------------------------------------------------
Library                     | Comment
----------------------------------------------------------------------------------------------------
ieee                        | Standard IEEE packages library
registerFile                | None
std                         | Standard VHDL library
----------------------------------------------------------------------------------------------------
