Active-HDL 15.0.260.9131 2025-11-28 12:08:52

Elaboration top modules:
Architecture                  structural(adder16)


-------------------------------------------------------------------------------------------
Entity   | Architecture | Library | Info | Compiler Version          | Compilation Options
-------------------------------------------------------------------------------------------
adder16  | structural   | adder16 |      | 15.0.260.9131 (Windows64) | -O3
-------------------------------------------------------------------------------------------

-------------------------------------------------------------------------------------------
VHDL Package            | Library | Info | Compiler Version          | Compilation Options
-------------------------------------------------------------------------------------------
standard                | std     |      |                           | <unavailable>
TEXTIO                  | std     |      | 15.0.260.9131 (Windows64) |  -2019
std_logic_1164          | ieee    |      | 15.0.260.9131 (Windows64) |  -2008
NUMERIC_STD             | ieee    |      | 15.0.260.9131 (Windows64) |  -2008
-------------------------------------------------------------------------------------------

-------------------------------------------------------------------------------------------
Library                 | Comment
-------------------------------------------------------------------------------------------
adder16                 | None
ieee                    | Standard IEEE packages library
std                     | Standard VHDL library
-------------------------------------------------------------------------------------------
