Active-HDL 15.0.260.9131 2025-11-11 13:05:35

Elaboration top modules:
Architecture                  rtl(nor2)


-------------------------------------------------------------------------------------------
Entity   | Architecture | Library | Info | Compiler Version          | Compilation Options
-------------------------------------------------------------------------------------------
nor2     | rtl          | gates   |      | 15.0.260.9131 (Windows64) | -O3
-------------------------------------------------------------------------------------------

-------------------------------------------------------------------------------------------
VHDL Package            | Library | Info | Compiler Version          | Compilation Options
-------------------------------------------------------------------------------------------
standard                | std     |      |                           | <unavailable>
TEXTIO                  | std     |      | 15.0.260.9131 (Windows64) |  -2019
std_logic_1164          | ieee    |      | 15.0.260.9131 (Windows64) |  -2008
-------------------------------------------------------------------------------------------

-------------------------------------------------------------------------------------------
Library                 | Comment
-------------------------------------------------------------------------------------------
gates                   | None
ieee                    | Standard IEEE packages library
std                     | Standard VHDL library
-------------------------------------------------------------------------------------------
