Active-HDL 15.0.260.9131 2025-11-28 13:26:04

Elaboration top modules:
Architecture                  structural(halfAdder)


----------------------------------------------------------------------------------------------
Entity    | Architecture | Library   | Info | Compiler Version          | Compilation Options
----------------------------------------------------------------------------------------------
halfAdder | structural   | halfadder |      | 15.0.260.9131 (Windows64) | -O3
xor2      | rtl          | gates     |      | 15.0.260.9131 (Windows64) | -O3
and2      | rtl          | gates     |      | 15.0.260.9131 (Windows64) | -O3
----------------------------------------------------------------------------------------------

----------------------------------------------------------------------------------------------
VHDL Package             | Library   | Info | Compiler Version          | Compilation Options
----------------------------------------------------------------------------------------------
standard                 | std       |      |                           | <unavailable>
TEXTIO                   | std       |      | 15.0.260.9131 (Windows64) |  -2019
std_logic_1164           | ieee      |      | 15.0.260.9131 (Windows64) |  -2008
NUMERIC_STD              | ieee      |      | 15.0.260.9131 (Windows64) |  -2008
----------------------------------------------------------------------------------------------

----------------------------------------------------------------------------------------------
Library                  | Comment
----------------------------------------------------------------------------------------------
gates                    | None
halfadder                | None
ieee                     | Standard IEEE packages library
std                      | Standard VHDL library
----------------------------------------------------------------------------------------------
