Active-HDL 15.0.260.9131 2025-11-28 11:40:16

Elaboration top modules:
Architecture                  behavioral(instruction_memory)


---------------------------------------------------------------------------------------------------------------
Entity             | Architecture | Library           | Info | Compiler Version          | Compilation Options
---------------------------------------------------------------------------------------------------------------
instruction_memory | behavioral   | instructionMemory |      | 15.0.260.9131 (Windows64) | -O3
---------------------------------------------------------------------------------------------------------------

---------------------------------------------------------------------------------------------------------------
VHDL Package                      | Library           | Info | Compiler Version          | Compilation Options
---------------------------------------------------------------------------------------------------------------
standard                          | std               |      |                           | <unavailable>
TEXTIO                            | std               |      | 15.0.260.9131 (Windows64) |  -2019
std_logic_1164                    | ieee              |      | 15.0.260.9131 (Windows64) |  -2008
NUMERIC_STD                       | ieee              |      | 15.0.260.9131 (Windows64) |  -2008
---------------------------------------------------------------------------------------------------------------

---------------------------------------------------------------------------------------------------------------
Library                           | Comment
---------------------------------------------------------------------------------------------------------------
ieee                              | Standard IEEE packages library
instructionMemory                 | None
std                               | Standard VHDL library
---------------------------------------------------------------------------------------------------------------
