acom -O3 -e 100 -work alu16 -2008  $dsn/src/alu16_tb.vhd
# Compile Entity "alu16_tb"
# Compile Architecture "behavioral" of Entity "alu16_tb"
# Error: COMP96_0031: alu16_tb.vhd : (17, 43): Simple expression expected.
# Compile failure 1 Errors 0 Warnings  Analysis time :  78.0 [ms]
acom -O3 -e 100 -work alu16 -2008  $dsn/src/alu16_tb.vhd
# Compile Entity "alu16_tb"
# Compile Architecture "behavioral" of Entity "alu16_tb"
# Error: COMP96_0031: alu16_tb.vhd : (9, 43): Simple expression expected.
# Compile failure 1 Errors 0 Warnings  Analysis time :  0.0 [ms]
acom -O3 -e 100 -work alu16 -2008  $dsn/src/alu16_tb.vhd
# Compile Entity "alu16_tb"
# Compile Architecture "behavioral" of Entity "alu16_tb"
# Error: COMP96_0078: alu16_tb.vhd : (51, 11): Unknown identifier "R_beh".
# Error: COMP96_0133: alu16_tb.vhd : (51, 11): Cannot find object declaration.
# Error: COMP96_0077: alu16_tb.vhd : (51, 11): Undefined type of expression. Expected type 'BOOLEAN'.
# Error: COMP96_0078: alu16_tb.vhd : (60, 51): Unknown identifier "R_beh".
# Error: COMP96_0133: alu16_tb.vhd : (60, 51): Cannot find object declaration.
# Error: COMP96_0149: alu16_tb.vhd : (60, 51): Explicit type conversions are allowed between closely related types only.
# Compile failure 6 Errors 0 Warnings  Analysis time :  0.0 [ms]
acom -O3 -e 100 -work alu16 -2008  $dsn/src/alu16_tb.vhd
# Compile Entity "alu16_tb"
# Compile Architecture "behavioral" of Entity "alu16_tb"
# Error: COMP96_0078: alu16_tb.vhd : (52, 11): Unknown identifier "R_beh".
# Error: COMP96_0133: alu16_tb.vhd : (52, 11): Cannot find object declaration.
# Error: COMP96_0077: alu16_tb.vhd : (52, 11): Undefined type of expression. Expected type 'BOOLEAN'.
# Error: COMP96_0078: alu16_tb.vhd : (61, 51): Unknown identifier "R_beh".
# Error: COMP96_0133: alu16_tb.vhd : (61, 51): Cannot find object declaration.
# Error: COMP96_0149: alu16_tb.vhd : (61, 51): Explicit type conversions are allowed between closely related types only.
# Compile failure 6 Errors 0 Warnings  Analysis time :  0.0 [ms]
acom -O3 -e 100 -work alu16 -2008  $dsn/src/alu16_tb.vhd
# Compile Entity "alu16_tb"
# Compile Architecture "behavioral" of Entity "alu16_tb"
# Compile success 0 Errors 0 Warnings  Analysis time :  62.0 [ms]
# ELBREAD: Elaboration process.
# ELBREAD: Elaboration time 0.1 [s].
# ELBREAD: Elaboration process.
# ELBREAD: Elaboration time 0.0 [s].
asim -O5 +access +r +m+alu16_tb alu16_tb behavioral
# ELBREAD: Elaboration process.
# ELBREAD: Elaboration time 0.0 [s].
# VSIM: Stack memory: 32MB
# VSIM: Retval memory: 32MB
# 
# KERNEL: Main thread initiated.
# KERNEL: Kernel process initialization phase.
# ELAB2: Elaboration final pass...
# ELAB2: Create instances ...
# KERNEL: Time resolution set to 1ps.
# ELAB2: Create instances complete.
# SLP: Started
# SLP: Elaboration phase ...
# SLP: Elaboration phase ... skipped, nothing to simulate in SLP mode : 0.0 [s]
# SLP: Finished : 0.0 [s]
# ELAB2: Elaboration final pass complete - time: 0.1 [s].
# KERNEL: Warning: You are using the Active-HDL EDU Edition. The performance of simulation is running at a reduced rate.
# KERNEL: Warning: Contact Aldec for available upgrade options - sales@aldec.com.
# KERNEL: Kernel process initialization done.
# Allocation: Simulator allocated 6650 kB (elbread=432 elab2=6074 kernel=143 sdf=0)
# KERNEL: ASDB file was created in location C:\Aldec\My_Designs\cpu_443\alu16\src\wave.asdb
#  11:03 AM, Wednesday, November 19, 2025
#  Simulation has been initialized
# VSIM: 1 object(s) traced.
# Waveform file 'untitled.awc' connected to 'C:/Aldec/My_Designs/cpu_443/alu16/src/wave.asdb'.
# KERNEL: Warning: KERNEL_0291 Object "/alu16_tb/sel" has already been traced.
# VSIM: 6 object(s) traced.
# VSIM: 1 object(s) traced.
# VSIM: 1 object(s) traced.
# VSIM: 1 object(s) traced.
run
# KERNEL: WARNING: NUMERIC_STD."=": metavalue detected, returning FALSE
# KERNEL: Time: 0 ps,  Iteration: 0,  Instance: /alu16_tb/uut_str,  Process: line__123.
# KERNEL: WARNING: NUMERIC_STD."=": metavalue detected, returning FALSE
# KERNEL: Time: 0 ps,  Iteration: 0,  Instance: /alu16_tb/uut_str,  Process: line__123.
# KERNEL: WARNING: NUMERIC_STD."=": metavalue detected, returning FALSE
# KERNEL: Time: 0 ps,  Iteration: 0,  Instance: /alu16_tb/uut_str,  Process: line__124.
# KERNEL: WARNING: NUMERIC_STD."=": metavalue detected, returning FALSE
# KERNEL: Time: 0 ps,  Iteration: 0,  Instance: /alu16_tb/uut_str,  Process: line__124.
# KERNEL: WARNING: NUMERIC_STD."<": metavalue detected, returning FALSE
# KERNEL: Time: 0 ps,  Iteration: 0,  Instance: /alu16_tb/uut_str/mul_unit,  Process: line__34.
# KERNEL: WARNING: NUMERIC_STD.">": metavalue detected, returning FALSE
# KERNEL: Time: 0 ps,  Iteration: 0,  Instance: /alu16_tb/uut_str/mul_unit,  Process: line__34.
# KERNEL: WARNING: NUMERIC_STD.TO_INTEGER: metavalue detected, returning 0
# KERNEL: Time: 0 ps,  Iteration: 0,  Instance: /alu16_tb/uut_str/OUTPUT_MUX,  Process: line__22.
# KERNEL: WARNING: NUMERIC_STD."<": metavalue detected, returning FALSE
# KERNEL: Time: 0 ps,  Iteration: 1,  Instance: /alu16_tb/uut_str/mul_unit,  Process: line__34.
# KERNEL: WARNING: NUMERIC_STD.">": metavalue detected, returning FALSE
# KERNEL: Time: 0 ps,  Iteration: 1,  Instance: /alu16_tb/uut_str/mul_unit,  Process: line__34.
# KERNEL: WARNING: NUMERIC_STD.TO_INTEGER: metavalue detected, returning 0
# KERNEL: Time: 0 ps,  Iteration: 1,  Instance: /alu16_tb/uut_str/OUTPUT_MUX,  Process: line__22.
# KERNEL: WARNING: NUMERIC_STD."=": metavalue detected, returning FALSE
# KERNEL: Time: 0 ps,  Iteration: 1,  Instance: /alu16_tb/uut_str,  Process: line__123.
# KERNEL: WARNING: NUMERIC_STD."=": metavalue detected, returning FALSE
# KERNEL: Time: 0 ps,  Iteration: 1,  Instance: /alu16_tb/uut_str,  Process: line__123.
# KERNEL: WARNING: NUMERIC_STD."=": metavalue detected, returning FALSE
# KERNEL: Time: 0 ps,  Iteration: 1,  Instance: /alu16_tb/uut_str,  Process: line__124.
# KERNEL: WARNING: NUMERIC_STD."=": metavalue detected, returning FALSE
# KERNEL: Time: 0 ps,  Iteration: 1,  Instance: /alu16_tb/uut_str,  Process: line__124.
# KERNEL: Simulation has finished. There are no more test vectors to simulate.
restart
# ELBREAD: Elaboration process.
# ELBREAD: Elaboration time 0.0 [s].
# 
# KERNEL: Main thread initiated.
# KERNEL: Kernel process initialization phase.
# ELAB2: Elaboration final pass...
# ELAB2: Create instances ...
# KERNEL: Time resolution set to 1ps.
# ELAB2: Create instances complete.
# SLP: Started
# SLP: Elaboration phase ...
# SLP: Elaboration phase ... skipped, nothing to simulate in SLP mode : 0.0 [s]
# SLP: Finished : 0.0 [s]
# ELAB2: Elaboration final pass complete - time: 0.0 [s].
# KERNEL: Warning: You are using the Active-HDL EDU Edition. The performance of simulation is running at a reduced rate.
# KERNEL: Warning: Contact Aldec for available upgrade options - sales@aldec.com.
# KERNEL: Kernel process initialization done.
# Allocation: Simulator allocated 6650 kB (elbread=432 elab2=6074 kernel=143 sdf=0)
# KERNEL: ASDB file was created in location C:\Aldec\My_Designs\cpu_443\alu16\src\wave.asdb
#  11:06 AM, Wednesday, November 19, 2025
#  Simulation has been initialized
# Waveform file 'untitled.awc' connected to 'C:/Aldec/My_Designs/cpu_443/alu16/src/wave.asdb'.
# KERNEL: Error: KERNEL_0392 Object "/alu16_tb/test/A_int" is neither a net, signal, nor SystemVerilog variable.
# VSIM: Error: Cannot force signal "/alu16_tb/test/A_int" with formula "10#40".
acom -O3 -e 100 -work alu16 -2008  $dsn/src/alu16_tb.vhd
# Compile Entity "alu16_tb"
# Compile Architecture "behavioral" of Entity "alu16_tb"
# Compile success 0 Errors 0 Warnings  Analysis time :  47.0 [ms]
# KERNEL: Warning: KERNEL_0291 Object "/alu16_tb/A_sig" has already been traced.
# KERNEL: Warning: KERNEL_0291 Object "/alu16_tb/B_sig" has already been traced.
# KERNEL: Warning: KERNEL_0291 Object "/alu16_tb/sel" has already been traced.
# VSIM: 0 object(s) traced.
# KERNEL: Error: KERNEL_0066 Value 4 does not belong to type STD_LOGIC.
# VSIM: Error: Cannot force signal "/alu16_tb/A_sig" with formula "40".
# KERNEL: Error: KERNEL_0066 Value 4 does not belong to type STD_LOGIC.
# VSIM: Error: Cannot force signal "/alu16_tb/A_sig" with formula "2#40".
run
# KERNEL: WARNING: NUMERIC_STD."=": metavalue detected, returning FALSE
# KERNEL: Time: 0 ps,  Iteration: 0,  Instance: /alu16_tb/uut_str,  Process: line__123.
# KERNEL: WARNING: NUMERIC_STD."=": metavalue detected, returning FALSE
# KERNEL: Time: 0 ps,  Iteration: 0,  Instance: /alu16_tb/uut_str,  Process: line__123.
# KERNEL: WARNING: NUMERIC_STD."=": metavalue detected, returning FALSE
# KERNEL: Time: 0 ps,  Iteration: 0,  Instance: /alu16_tb/uut_str,  Process: line__124.
# KERNEL: WARNING: NUMERIC_STD."=": metavalue detected, returning FALSE
# KERNEL: Time: 0 ps,  Iteration: 0,  Instance: /alu16_tb/uut_str,  Process: line__124.
# KERNEL: WARNING: NUMERIC_STD."<": metavalue detected, returning FALSE
# KERNEL: Time: 0 ps,  Iteration: 0,  Instance: /alu16_tb/uut_str/mul_unit,  Process: line__34.
# KERNEL: WARNING: NUMERIC_STD.">": metavalue detected, returning FALSE
# KERNEL: Time: 0 ps,  Iteration: 0,  Instance: /alu16_tb/uut_str/mul_unit,  Process: line__34.
# KERNEL: WARNING: NUMERIC_STD.TO_INTEGER: metavalue detected, returning 0
# KERNEL: Time: 0 ps,  Iteration: 0,  Instance: /alu16_tb/uut_str/OUTPUT_MUX,  Process: line__22.
# KERNEL: WARNING: NUMERIC_STD."<": metavalue detected, returning FALSE
# KERNEL: Time: 0 ps,  Iteration: 1,  Instance: /alu16_tb/uut_str/mul_unit,  Process: line__34.
# KERNEL: WARNING: NUMERIC_STD.">": metavalue detected, returning FALSE
# KERNEL: Time: 0 ps,  Iteration: 1,  Instance: /alu16_tb/uut_str/mul_unit,  Process: line__34.
# KERNEL: WARNING: NUMERIC_STD.TO_INTEGER: metavalue detected, returning 0
# KERNEL: Time: 0 ps,  Iteration: 1,  Instance: /alu16_tb/uut_str/OUTPUT_MUX,  Process: line__22.
# KERNEL: WARNING: NUMERIC_STD."=": metavalue detected, returning FALSE
# KERNEL: Time: 0 ps,  Iteration: 1,  Instance: /alu16_tb/uut_str,  Process: line__123.
# KERNEL: WARNING: NUMERIC_STD."=": metavalue detected, returning FALSE
# KERNEL: Time: 0 ps,  Iteration: 1,  Instance: /alu16_tb/uut_str,  Process: line__123.
# KERNEL: WARNING: NUMERIC_STD."=": metavalue detected, returning FALSE
# KERNEL: Time: 0 ps,  Iteration: 1,  Instance: /alu16_tb/uut_str,  Process: line__124.
# KERNEL: WARNING: NUMERIC_STD."=": metavalue detected, returning FALSE
# KERNEL: Time: 0 ps,  Iteration: 1,  Instance: /alu16_tb/uut_str,  Process: line__124.
# KERNEL: WARNING: NUMERIC_STD."=": metavalue detected, returning FALSE
# KERNEL: Time: 300 ns,  Iteration: 0,  Instance: /alu16_tb/uut_str,  Process: line__123.
# KERNEL: WARNING: NUMERIC_STD."=": metavalue detected, returning FALSE
# KERNEL: Time: 300 ns,  Iteration: 0,  Instance: /alu16_tb/uut_str,  Process: line__123.
# KERNEL: Simulation has finished. There are no more test vectors to simulate.
acom -O3 -e 100 -work alu16 -2008  $dsn/src/alu16_tb.vhd
# Compile Entity "alu16_tb"
# Compile Architecture "behavioral" of Entity "alu16_tb"
# Compile success 0 Errors 0 Warnings  Analysis time :  62.0 [ms]
acom -O3 -e 100 -work alu16 -2008  $dsn/src/alu16.vhd $dsn/src/alu16_tb.vhd
# Compile Entity "alu16"
# Compile Architecture "behavioral" of Entity "alu16"
# Compile Architecture "structural" of Entity "alu16"
# Compile Entity "alu16_tb"
# Compile Architecture "behavioral" of Entity "alu16_tb"
# Compile success 0 Errors 0 Warnings  Analysis time :  0.1 [s]
endsim
# VSIM: Simulation has finished.
asim -O5 +access +r +m+alu16_tb alu16_tb behavioral
# ELBREAD: Elaboration process.
# ELBREAD: Elaboration time 0.0 [s].
# VSIM: Stack memory: 32MB
# VSIM: Retval memory: 32MB
# 
# KERNEL: Main thread initiated.
# KERNEL: Kernel process initialization phase.
# ELAB2: Elaboration final pass...
# ELAB2: Create instances ...
# KERNEL: Time resolution set to 1ps.
# ELAB2: Create instances complete.
# SLP: Started
# SLP: Elaboration phase ...
# SLP: Elaboration phase ... skipped, nothing to simulate in SLP mode : 0.0 [s]
# SLP: Finished : 0.0 [s]
# ELAB2: Elaboration final pass complete - time: 0.0 [s].
# KERNEL: Warning: You are using the Active-HDL EDU Edition. The performance of simulation is running at a reduced rate.
# KERNEL: Warning: Contact Aldec for available upgrade options - sales@aldec.com.
# KERNEL: Kernel process initialization done.
# Allocation: Simulator allocated 6649 kB (elbread=432 elab2=6073 kernel=143 sdf=0)
# KERNEL: ASDB file was created in location C:\Aldec\My_Designs\cpu_443\alu16\src\wave.asdb
# Stimuli: Warning: The stimuli set "StimuliSet1" has been made inactive.
#  11:11 AM, Wednesday, November 19, 2025
#  Simulation has been initialized
# Waveform file 'untitled.awc' connected to 'C:/Aldec/My_Designs/cpu_443/alu16/src/wave.asdb'.
# VSIM: 6 object(s) traced.
run
# KERNEL: WARNING: NUMERIC_STD."=": metavalue detected, returning FALSE
# KERNEL: Time: 0 ps,  Iteration: 0,  Instance: /alu16_tb/uut_str,  Process: line__123.
# KERNEL: WARNING: NUMERIC_STD."=": metavalue detected, returning FALSE
# KERNEL: Time: 0 ps,  Iteration: 0,  Instance: /alu16_tb/uut_str,  Process: line__123.
# KERNEL: WARNING: NUMERIC_STD."=": metavalue detected, returning FALSE
# KERNEL: Time: 0 ps,  Iteration: 0,  Instance: /alu16_tb/uut_str,  Process: line__124.
# KERNEL: WARNING: NUMERIC_STD."=": metavalue detected, returning FALSE
# KERNEL: Time: 0 ps,  Iteration: 0,  Instance: /alu16_tb/uut_str,  Process: line__124.
# KERNEL: WARNING: NUMERIC_STD."<": metavalue detected, returning FALSE
# KERNEL: Time: 0 ps,  Iteration: 0,  Instance: /alu16_tb/uut_str/mul_unit,  Process: line__34.
# KERNEL: WARNING: NUMERIC_STD.">": metavalue detected, returning FALSE
# KERNEL: Time: 0 ps,  Iteration: 0,  Instance: /alu16_tb/uut_str/mul_unit,  Process: line__34.
# KERNEL: WARNING: NUMERIC_STD.TO_INTEGER: metavalue detected, returning 0
# KERNEL: Time: 0 ps,  Iteration: 0,  Instance: /alu16_tb/uut_str/OUTPUT_MUX,  Process: line__22.
# KERNEL: WARNING: NUMERIC_STD."<": metavalue detected, returning FALSE
# KERNEL: Time: 0 ps,  Iteration: 1,  Instance: /alu16_tb/uut_str/mul_unit,  Process: line__34.
# KERNEL: WARNING: NUMERIC_STD.">": metavalue detected, returning FALSE
# KERNEL: Time: 0 ps,  Iteration: 1,  Instance: /alu16_tb/uut_str/mul_unit,  Process: line__34.
# KERNEL: Simulation has finished. There are no more test vectors to simulate.
restart
# ELBREAD: Elaboration process.
# ELBREAD: Elaboration time 0.0 [s].
# 
# KERNEL: Main thread initiated.
# KERNEL: Kernel process initialization phase.
# ELAB2: Elaboration final pass...
# ELAB2: Create instances ...
# KERNEL: Time resolution set to 1ps.
# ELAB2: Create instances complete.
# SLP: Started
# SLP: Elaboration phase ...
# SLP: Elaboration phase ... skipped, nothing to simulate in SLP mode : 0.0 [s]
# SLP: Finished : 0.0 [s]
# ELAB2: Elaboration final pass complete - time: 0.0 [s].
# KERNEL: Warning: You are using the Active-HDL EDU Edition. The performance of simulation is running at a reduced rate.
# KERNEL: Warning: Contact Aldec for available upgrade options - sales@aldec.com.
# KERNEL: Kernel process initialization done.
# Allocation: Simulator allocated 6649 kB (elbread=432 elab2=6073 kernel=143 sdf=0)
# KERNEL: ASDB file was created in location C:\Aldec\My_Designs\cpu_443\alu16\src\wave.asdb
# Stimuli: Warning: The stimuli set "StimuliSet2" has been made inactive.
#  11:15 AM, Wednesday, November 19, 2025
#  Simulation has been initialized
# Waveform file 'untitled.awc' connected to 'C:/Aldec/My_Designs/cpu_443/alu16/src/wave.asdb'.
run
# KERNEL: WARNING: NUMERIC_STD."=": metavalue detected, returning FALSE
# KERNEL: Time: 0 ps,  Iteration: 0,  Instance: /alu16_tb/uut_str,  Process: line__123.
# KERNEL: WARNING: NUMERIC_STD."=": metavalue detected, returning FALSE
# KERNEL: Time: 0 ps,  Iteration: 0,  Instance: /alu16_tb/uut_str,  Process: line__123.
# KERNEL: WARNING: NUMERIC_STD."=": metavalue detected, returning FALSE
# KERNEL: Time: 0 ps,  Iteration: 0,  Instance: /alu16_tb/uut_str,  Process: line__124.
# KERNEL: WARNING: NUMERIC_STD."=": metavalue detected, returning FALSE
# KERNEL: Time: 0 ps,  Iteration: 0,  Instance: /alu16_tb/uut_str,  Process: line__124.
# KERNEL: WARNING: NUMERIC_STD."<": metavalue detected, returning FALSE
# KERNEL: Time: 0 ps,  Iteration: 0,  Instance: /alu16_tb/uut_str/mul_unit,  Process: line__34.
# KERNEL: WARNING: NUMERIC_STD.">": metavalue detected, returning FALSE
# KERNEL: Time: 0 ps,  Iteration: 0,  Instance: /alu16_tb/uut_str/mul_unit,  Process: line__34.
# KERNEL: WARNING: NUMERIC_STD.TO_INTEGER: metavalue detected, returning 0
# KERNEL: Time: 0 ps,  Iteration: 0,  Instance: /alu16_tb/uut_str/OUTPUT_MUX,  Process: line__22.
# KERNEL: WARNING: NUMERIC_STD."<": metavalue detected, returning FALSE
# KERNEL: Time: 0 ps,  Iteration: 1,  Instance: /alu16_tb/uut_str/mul_unit,  Process: line__34.
# KERNEL: WARNING: NUMERIC_STD.">": metavalue detected, returning FALSE
# KERNEL: Time: 0 ps,  Iteration: 1,  Instance: /alu16_tb/uut_str/mul_unit,  Process: line__34.
# KERNEL: WARNING: NUMERIC_STD.TO_INTEGER: metavalue detected, returning 0
# KERNEL: Time: 0 ps,  Iteration: 2,  Instance: /alu16_tb/uut_str/OUTPUT_MUX,  Process: line__22.
# KERNEL: Simulation has finished. There are no more test vectors to simulate.
restart
# ELBREAD: Elaboration process.
# ELBREAD: Elaboration time 0.0 [s].
# 
# KERNEL: Main thread initiated.
# KERNEL: Kernel process initialization phase.
# ELAB2: Elaboration final pass...
# ELAB2: Create instances ...
# KERNEL: Time resolution set to 1ps.
# ELAB2: Create instances complete.
# SLP: Started
# SLP: Elaboration phase ...
# SLP: Elaboration phase ... skipped, nothing to simulate in SLP mode : 0.0 [s]
# SLP: Finished : 0.0 [s]
# ELAB2: Elaboration final pass complete - time: 0.0 [s].
# KERNEL: Warning: You are using the Active-HDL EDU Edition. The performance of simulation is running at a reduced rate.
# KERNEL: Warning: Contact Aldec for available upgrade options - sales@aldec.com.
# KERNEL: Kernel process initialization done.
# Allocation: Simulator allocated 6649 kB (elbread=432 elab2=6073 kernel=143 sdf=0)
# KERNEL: ASDB file was created in location C:\Aldec\My_Designs\cpu_443\alu16\src\wave.asdb
#  11:15 AM, Wednesday, November 19, 2025
#  Simulation has been initialized
# Waveform file 'untitled.awc' connected to 'C:/Aldec/My_Designs/cpu_443/alu16/src/wave.asdb'.
# VSIM: Error: Cannot force signal "/alu16_tb/A_sig" with formula "/custom ,".
acom -O3 -e 100 -work alu16 -2008  $dsn/src/alu16.vhd $dsn/src/alu16_tb.vhd
# Compile Entity "alu16"
# Compile Architecture "behavioral" of Entity "alu16"
# Compile Architecture "structural" of Entity "alu16"
# Compile Entity "alu16_tb"
# Compile Architecture "behavioral" of Entity "alu16_tb"
# Compile success 0 Errors 0 Warnings  Analysis time :  93.0 [ms]
# VSIM: 1 object(s) traced.
# VSIM: 1 object(s) traced.
# VSIM: 3 object(s) traced.
# WAVEFORM: 4 signal(s) removed.
run
# KERNEL: WARNING: NUMERIC_STD."=": metavalue detected, returning FALSE
# KERNEL: Time: 0 ps,  Iteration: 0,  Instance: /alu16_tb/uut_str,  Process: line__123.
# KERNEL: WARNING: NUMERIC_STD."=": metavalue detected, returning FALSE
# KERNEL: Time: 0 ps,  Iteration: 0,  Instance: /alu16_tb/uut_str,  Process: line__123.
# KERNEL: WARNING: NUMERIC_STD."=": metavalue detected, returning FALSE
# KERNEL: Time: 0 ps,  Iteration: 0,  Instance: /alu16_tb/uut_str,  Process: line__124.
# KERNEL: WARNING: NUMERIC_STD."=": metavalue detected, returning FALSE
# KERNEL: Time: 0 ps,  Iteration: 0,  Instance: /alu16_tb/uut_str,  Process: line__124.
# KERNEL: WARNING: NUMERIC_STD."<": metavalue detected, returning FALSE
# KERNEL: Time: 0 ps,  Iteration: 0,  Instance: /alu16_tb/uut_str/mul_unit,  Process: line__34.
# KERNEL: WARNING: NUMERIC_STD.">": metavalue detected, returning FALSE
# KERNEL: Time: 0 ps,  Iteration: 0,  Instance: /alu16_tb/uut_str/mul_unit,  Process: line__34.
# KERNEL: WARNING: NUMERIC_STD.TO_INTEGER: metavalue detected, returning 0
# KERNEL: Time: 0 ps,  Iteration: 0,  Instance: /alu16_tb/uut_str/OUTPUT_MUX,  Process: line__22.
# KERNEL: WARNING: NUMERIC_STD."<": metavalue detected, returning FALSE
# KERNEL: Time: 0 ps,  Iteration: 1,  Instance: /alu16_tb/uut_str/mul_unit,  Process: line__34.
# KERNEL: WARNING: NUMERIC_STD.">": metavalue detected, returning FALSE
# KERNEL: Time: 0 ps,  Iteration: 1,  Instance: /alu16_tb/uut_str/mul_unit,  Process: line__34.
# KERNEL: WARNING: NUMERIC_STD.TO_INTEGER: metavalue detected, returning 0
# KERNEL: Time: 0 ps,  Iteration: 2,  Instance: /alu16_tb/uut_str/OUTPUT_MUX,  Process: line__22.
# KERNEL: Simulation has finished. There are no more test vectors to simulate.
# Waveform file 'C:/Aldec/My_Designs/cpu_443/alu16/src/alu_waveform.awc' connected to 'C:/Aldec/My_Designs/cpu_443/alu16/src/alu_waveform.asdb'.
# WAVEFORM: 4 object(s) inserted to virtual group 'VGroup0'.
# Waveform file 'C:/Aldec/My_Designs/cpu_443/alu16/src/alu_waveform.awc' connected to 'C:/Aldec/My_Designs/cpu_443/alu16/src/alu_waveform.asdbe'.
# Adding file C:\Aldec\My_Designs\cpu_443\alu16\src\alu_waveform.asdb ... Done
# Adding file C:\Aldec\My_Designs\cpu_443\alu16\src\alu_waveform.awc ... Done
# VSIM: Error: Cannot force signal "/alu16_tb/A_sig" with formula "/custom .\alu_waveform.asdbe,/alu16_tb/A_sig".
# Waveform file 'C:/Aldec/My_Designs/cpu_443/alu16/src/alu_waveform.awc' connected to 'C:/Aldec/My_Designs/cpu_443/alu16/src/wave.asdb'.
# KERNEL: Warning: KERNEL_0291 Object "/alu16_tb/A_sig" has already been traced.
# KERNEL: Warning: KERNEL_0291 Object "/alu16_tb/B_sig" has already been traced.
# KERNEL: Warning: KERNEL_0291 Object "/alu16_tb/sel" has already been traced.
# KERNEL: Warning: KERNEL_0291 Object "/alu16_tb/R_sig" has already been traced.
# KERNEL: Warning: KERNEL_0291 Object "/alu16_tb/uut_str/R_adder" has already been traced.
# KERNEL: Warning: KERNEL_0291 Object "/alu16_tb/uut_str/R_mult" has already been traced.
# KERNEL: Warning: KERNEL_0291 Object "/alu16_tb/uut_str/R_sub" has already been traced.
# KERNEL: Warning: KERNEL_0291 Object "/alu16_tb/VZN_sig" has already been traced.
# WAVEFORM: 4 object(s) inserted to virtual group 'VGroup0'.
# VSIM: 1 object(s) traced.
# KERNEL: Error: KERNEL_0066 Value 4 does not belong to type STD_LOGIC.
# VSIM: Error: Cannot force signal "/alu16_tb/A_sig" with formula "40".
# KERNEL: Error: KERNEL_0066 Value 2 does not belong to type STD_LOGIC.
# VSIM: Error: Cannot force signal "/alu16_tb/B_sig" with formula "-12".
acom -O3 -e 100 -work alu16 -2008  $dsn/src/alu16_tb.vhd
# Compile Entity "alu16_tb"
# Compile Architecture "behavioral" of Entity "alu16_tb"
# Error: COMP96_0031: alu16_tb.vhd : (27, 15): Simple expression expected.
# Compile failure 1 Errors 0 Warnings  Analysis time :  0.1 [s]
acom -O3 -e 100 -work alu16 -2008  $dsn/src/alu16_tb.vhd
# Compile Entity "alu16_tb"
# Compile Architecture "behavioral" of Entity "alu16_tb"
# Compile success 0 Errors 0 Warnings  Analysis time :  0.1 [s]
run
# KERNEL: WARNING: NUMERIC_STD.TO_INTEGER: metavalue detected, returning 0
# KERNEL: Time: 650 ns,  Iteration: 1,  Instance: /alu16_tb/uut_str/OUTPUT_MUX,  Process: line__22.
# KERNEL: WARNING: NUMERIC_STD."=": metavalue detected, returning FALSE
# KERNEL: Time: 650 ns,  Iteration: 1,  Instance: /alu16_tb/uut_str,  Process: line__123.
# KERNEL: WARNING: NUMERIC_STD."=": metavalue detected, returning FALSE
# KERNEL: Time: 650 ns,  Iteration: 1,  Instance: /alu16_tb/uut_str,  Process: line__123.
# KERNEL: WARNING: NUMERIC_STD."=": metavalue detected, returning FALSE
# KERNEL: Time: 650 ns,  Iteration: 1,  Instance: /alu16_tb/uut_str,  Process: line__124.
# KERNEL: WARNING: NUMERIC_STD."=": metavalue detected, returning FALSE
# KERNEL: Time: 650 ns,  Iteration: 1,  Instance: /alu16_tb/uut_str,  Process: line__124.
endsim
# KERNEL: stopped at time: 3103958650 ns
# VSIM: Simulation has finished.
# Adding file C:\Aldec\My_Designs\cpu_443\alu16\src\alu_waveform.awc ... Done
asim -O5 +access +r alu16_tb behavioral
# ELBREAD: Elaboration process.
# ELBREAD: Elaboration time 0.0 [s].
# VSIM: Stack memory: 32MB
# VSIM: Retval memory: 32MB
# 
# KERNEL: Main thread initiated.
# KERNEL: Kernel process initialization phase.
# ELAB2: Elaboration final pass...
# ELAB2: Create instances ...
# KERNEL: Time resolution set to 1ps.
# ELAB2: Create instances complete.
# SLP: Started
# SLP: Elaboration phase ...
# SLP: Elaboration phase ... skipped, nothing to simulate in SLP mode : 0.0 [s]
# SLP: Finished : 0.0 [s]
# ELAB2: Elaboration final pass complete - time: 0.1 [s].
# KERNEL: Warning: You are using the Active-HDL EDU Edition. The performance of simulation is running at a reduced rate.
# KERNEL: Warning: Contact Aldec for available upgrade options - sales@aldec.com.
# KERNEL: Kernel process initialization done.
# Allocation: Simulator allocated 6649 kB (elbread=432 elab2=6073 kernel=143 sdf=0)
# KERNEL: ASDB file was created in location C:\Aldec\My_Designs\cpu_443\alu16\src\wave.asdb
# Stimuli: Warning: The stimuli set "StimuliSet1" has been made inactive.
#  11:53 AM, Wednesday, November 19, 2025
#  Simulation has been initialized
# Waveform file 'C:/Aldec/My_Designs/cpu_443/alu16/src/alu_waveform.awc' connected to 'C:/Aldec/My_Designs/cpu_443/alu16/src/wave.asdb'.
run
# KERNEL: WARNING: NUMERIC_STD."=": metavalue detected, returning FALSE
# KERNEL: Time: 0 ps,  Iteration: 0,  Instance: /alu16_tb/uut_str,  Process: line__123.
# KERNEL: WARNING: NUMERIC_STD."=": metavalue detected, returning FALSE
# KERNEL: Time: 0 ps,  Iteration: 0,  Instance: /alu16_tb/uut_str,  Process: line__123.
# KERNEL: WARNING: NUMERIC_STD."=": metavalue detected, returning FALSE
# KERNEL: Time: 0 ps,  Iteration: 0,  Instance: /alu16_tb/uut_str,  Process: line__124.
# KERNEL: WARNING: NUMERIC_STD."=": metavalue detected, returning FALSE
# KERNEL: Time: 0 ps,  Iteration: 0,  Instance: /alu16_tb/uut_str,  Process: line__124.
# KERNEL: WARNING: NUMERIC_STD."<": metavalue detected, returning FALSE
# KERNEL: Time: 0 ps,  Iteration: 0,  Instance: /alu16_tb/uut_str/mul_unit,  Process: line__34.
# KERNEL: WARNING: NUMERIC_STD.">": metavalue detected, returning FALSE
# KERNEL: Time: 0 ps,  Iteration: 0,  Instance: /alu16_tb/uut_str/mul_unit,  Process: line__34.
# KERNEL: WARNING: NUMERIC_STD.TO_INTEGER: metavalue detected, returning 0
# KERNEL: Time: 0 ps,  Iteration: 0,  Instance: /alu16_tb/uut_str/OUTPUT_MUX,  Process: line__22.
# KERNEL: WARNING: NUMERIC_STD."<": metavalue detected, returning FALSE
# KERNEL: Time: 0 ps,  Iteration: 1,  Instance: /alu16_tb/uut_str/mul_unit,  Process: line__34.
# KERNEL: WARNING: NUMERIC_STD.">": metavalue detected, returning FALSE
# KERNEL: Time: 0 ps,  Iteration: 1,  Instance: /alu16_tb/uut_str/mul_unit,  Process: line__34.
# KERNEL: WARNING: NUMERIC_STD.TO_INTEGER: metavalue detected, returning 0
# KERNEL: Time: 0 ps,  Iteration: 2,  Instance: /alu16_tb/uut_str/OUTPUT_MUX,  Process: line__22.
# KERNEL: Simulation has finished. There are no more test vectors to simulate.
restart
# ELBREAD: Elaboration process.
# ELBREAD: Elaboration time 0.0 [s].
# 
# KERNEL: Main thread initiated.
# KERNEL: Kernel process initialization phase.
# ELAB2: Elaboration final pass...
# ELAB2: Create instances ...
# KERNEL: Time resolution set to 1ps.
# ELAB2: Create instances complete.
# SLP: Started
# SLP: Elaboration phase ...
# SLP: Elaboration phase ... skipped, nothing to simulate in SLP mode : 0.0 [s]
# SLP: Finished : 0.0 [s]
# ELAB2: Elaboration final pass complete - time: 0.0 [s].
# KERNEL: Warning: You are using the Active-HDL EDU Edition. The performance of simulation is running at a reduced rate.
# KERNEL: Warning: Contact Aldec for available upgrade options - sales@aldec.com.
# KERNEL: Kernel process initialization done.
# Allocation: Simulator allocated 6649 kB (elbread=432 elab2=6073 kernel=143 sdf=0)
# KERNEL: ASDB file was created in location C:\Aldec\My_Designs\cpu_443\alu16\src\wave.asdb
#  11:53 AM, Wednesday, November 19, 2025
#  Simulation has been initialized
# Waveform file 'C:/Aldec/My_Designs/cpu_443/alu16/src/alu_waveform.awc' connected to 'C:/Aldec/My_Designs/cpu_443/alu16/src/wave.asdb'.
run @7us
# KERNEL: WARNING: NUMERIC_STD."=": metavalue detected, returning FALSE
# KERNEL: Time: 0 ps,  Iteration: 0,  Instance: /alu16_tb/uut_str,  Process: line__123.
# KERNEL: WARNING: NUMERIC_STD."=": metavalue detected, returning FALSE
# KERNEL: Time: 0 ps,  Iteration: 0,  Instance: /alu16_tb/uut_str,  Process: line__123.
# KERNEL: WARNING: NUMERIC_STD."=": metavalue detected, returning FALSE
# KERNEL: Time: 0 ps,  Iteration: 0,  Instance: /alu16_tb/uut_str,  Process: line__124.
# KERNEL: WARNING: NUMERIC_STD."=": metavalue detected, returning FALSE
# KERNEL: Time: 0 ps,  Iteration: 0,  Instance: /alu16_tb/uut_str,  Process: line__124.
# KERNEL: WARNING: NUMERIC_STD."<": metavalue detected, returning FALSE
# KERNEL: Time: 0 ps,  Iteration: 0,  Instance: /alu16_tb/uut_str/mul_unit,  Process: line__34.
# KERNEL: WARNING: NUMERIC_STD.">": metavalue detected, returning FALSE
# KERNEL: Time: 0 ps,  Iteration: 0,  Instance: /alu16_tb/uut_str/mul_unit,  Process: line__34.
# KERNEL: WARNING: NUMERIC_STD.TO_INTEGER: metavalue detected, returning 0
# KERNEL: Time: 0 ps,  Iteration: 0,  Instance: /alu16_tb/uut_str/OUTPUT_MUX,  Process: line__22.
# KERNEL: WARNING: NUMERIC_STD."<": metavalue detected, returning FALSE
# KERNEL: Time: 0 ps,  Iteration: 1,  Instance: /alu16_tb/uut_str/mul_unit,  Process: line__34.
# KERNEL: WARNING: NUMERIC_STD.">": metavalue detected, returning FALSE
# KERNEL: Time: 0 ps,  Iteration: 1,  Instance: /alu16_tb/uut_str/mul_unit,  Process: line__34.
# KERNEL: WARNING: NUMERIC_STD.TO_INTEGER: metavalue detected, returning 0
# KERNEL: Time: 0 ps,  Iteration: 2,  Instance: /alu16_tb/uut_str/OUTPUT_MUX,  Process: line__22.
# KERNEL: stopped at time: 7 us
# KERNEL: Simulation has finished. There are no more test vectors to simulate.
# VSIM: 1 object(s) traced.
# VSIM: 1 object(s) traced.
# VSIM: 4 object(s) traced.
# VSIM: 1 object(s) traced.
# VSIM: 1 object(s) traced.
# VSIM: 1 object(s) traced.
# Stimuli: Error: No active set.
restart
# ELBREAD: Elaboration process.
# ELBREAD: Elaboration time 0.0 [s].
# 
# KERNEL: Main thread initiated.
# KERNEL: Kernel process initialization phase.
# ELAB2: Elaboration final pass...
# ELAB2: Create instances ...
# KERNEL: Time resolution set to 1ps.
# ELAB2: Create instances complete.
# SLP: Started
# SLP: Elaboration phase ...
# SLP: Elaboration phase ... skipped, nothing to simulate in SLP mode : 0.0 [s]
# SLP: Finished : 0.0 [s]
# ELAB2: Elaboration final pass complete - time: 0.0 [s].
# KERNEL: Warning: You are using the Active-HDL EDU Edition. The performance of simulation is running at a reduced rate.
# KERNEL: Warning: Contact Aldec for available upgrade options - sales@aldec.com.
# KERNEL: Kernel process initialization done.
# Allocation: Simulator allocated 6649 kB (elbread=432 elab2=6073 kernel=143 sdf=0)
# KERNEL: ASDB file was created in location C:\Aldec\My_Designs\cpu_443\alu16\src\wave.asdb
#  11:55 AM, Wednesday, November 19, 2025
#  Simulation has been initialized
# Waveform file 'C:/Aldec/My_Designs/cpu_443/alu16/src/alu_waveform.awc' connected to 'C:/Aldec/My_Designs/cpu_443/alu16/src/wave.asdb'.
# Stimuli: Info: The stimuli set "StimuliSet1" has been made active.
run @7us
# KERNEL: WARNING: NUMERIC_STD."=": metavalue detected, returning FALSE
# KERNEL: Time: 0 ps,  Iteration: 0,  Instance: /alu16_tb/uut_str,  Process: line__123.
# KERNEL: WARNING: NUMERIC_STD."=": metavalue detected, returning FALSE
# KERNEL: Time: 0 ps,  Iteration: 0,  Instance: /alu16_tb/uut_str,  Process: line__123.
# KERNEL: WARNING: NUMERIC_STD."=": metavalue detected, returning FALSE
# KERNEL: Time: 0 ps,  Iteration: 0,  Instance: /alu16_tb/uut_str,  Process: line__124.
# KERNEL: WARNING: NUMERIC_STD."=": metavalue detected, returning FALSE
# KERNEL: Time: 0 ps,  Iteration: 0,  Instance: /alu16_tb/uut_str,  Process: line__124.
# KERNEL: WARNING: NUMERIC_STD."<": metavalue detected, returning FALSE
# KERNEL: Time: 0 ps,  Iteration: 0,  Instance: /alu16_tb/uut_str/mul_unit,  Process: line__34.
# KERNEL: WARNING: NUMERIC_STD.">": metavalue detected, returning FALSE
# KERNEL: Time: 0 ps,  Iteration: 0,  Instance: /alu16_tb/uut_str/mul_unit,  Process: line__34.
# KERNEL: WARNING: NUMERIC_STD.TO_INTEGER: metavalue detected, returning 0
# KERNEL: Time: 0 ps,  Iteration: 0,  Instance: /alu16_tb/uut_str/OUTPUT_MUX,  Process: line__22.
# KERNEL: WARNING: NUMERIC_STD."<": metavalue detected, returning FALSE
# KERNEL: Time: 0 ps,  Iteration: 1,  Instance: /alu16_tb/uut_str/mul_unit,  Process: line__34.
# KERNEL: WARNING: NUMERIC_STD.">": metavalue detected, returning FALSE
# KERNEL: Time: 0 ps,  Iteration: 1,  Instance: /alu16_tb/uut_str/mul_unit,  Process: line__34.
# KERNEL: stopped at time: 7 us
restart
# ELBREAD: Elaboration process.
# ELBREAD: Elaboration time 0.0 [s].
# 
# KERNEL: Main thread initiated.
# KERNEL: Kernel process initialization phase.
# ELAB2: Elaboration final pass...
# ELAB2: Create instances ...
# KERNEL: Time resolution set to 1ps.
# ELAB2: Create instances complete.
# SLP: Started
# SLP: Elaboration phase ...
# SLP: Elaboration phase ... skipped, nothing to simulate in SLP mode : 0.0 [s]
# SLP: Finished : 0.0 [s]
# ELAB2: Elaboration final pass complete - time: 0.0 [s].
# KERNEL: Warning: You are using the Active-HDL EDU Edition. The performance of simulation is running at a reduced rate.
# KERNEL: Warning: Contact Aldec for available upgrade options - sales@aldec.com.
# KERNEL: Kernel process initialization done.
# Allocation: Simulator allocated 6649 kB (elbread=432 elab2=6073 kernel=143 sdf=0)
# KERNEL: ASDB file was created in location C:\Aldec\My_Designs\cpu_443\alu16\src\wave.asdb
# Stimuli: Warning: The stimuli set "StimuliSet1" has been made inactive.
#  11:59 AM, Wednesday, November 19, 2025
#  Simulation has been initialized
# Waveform file 'C:/Aldec/My_Designs/cpu_443/alu16/src/alu_waveform.awc' connected to 'C:/Aldec/My_Designs/cpu_443/alu16/src/wave.asdb'.
run @7us
# KERNEL: WARNING: NUMERIC_STD."=": metavalue detected, returning FALSE
# KERNEL: Time: 0 ps,  Iteration: 0,  Instance: /alu16_tb/uut_str,  Process: line__123.
# KERNEL: WARNING: NUMERIC_STD."=": metavalue detected, returning FALSE
# KERNEL: Time: 0 ps,  Iteration: 0,  Instance: /alu16_tb/uut_str,  Process: line__123.
# KERNEL: WARNING: NUMERIC_STD."=": metavalue detected, returning FALSE
# KERNEL: Time: 0 ps,  Iteration: 0,  Instance: /alu16_tb/uut_str,  Process: line__124.
# KERNEL: WARNING: NUMERIC_STD."=": metavalue detected, returning FALSE
# KERNEL: Time: 0 ps,  Iteration: 0,  Instance: /alu16_tb/uut_str,  Process: line__124.
# KERNEL: WARNING: NUMERIC_STD."<": metavalue detected, returning FALSE
# KERNEL: Time: 0 ps,  Iteration: 0,  Instance: /alu16_tb/uut_str/mul_unit,  Process: line__34.
# KERNEL: WARNING: NUMERIC_STD.">": metavalue detected, returning FALSE
# KERNEL: Time: 0 ps,  Iteration: 0,  Instance: /alu16_tb/uut_str/mul_unit,  Process: line__34.
# KERNEL: WARNING: NUMERIC_STD.TO_INTEGER: metavalue detected, returning 0
# KERNEL: Time: 0 ps,  Iteration: 0,  Instance: /alu16_tb/uut_str/OUTPUT_MUX,  Process: line__22.
# KERNEL: WARNING: NUMERIC_STD."<": metavalue detected, returning FALSE
# KERNEL: Time: 0 ps,  Iteration: 1,  Instance: /alu16_tb/uut_str/mul_unit,  Process: line__34.
# KERNEL: WARNING: NUMERIC_STD.">": metavalue detected, returning FALSE
# KERNEL: Time: 0 ps,  Iteration: 1,  Instance: /alu16_tb/uut_str/mul_unit,  Process: line__34.
# KERNEL: WARNING: NUMERIC_STD.TO_INTEGER: metavalue detected, returning 0
# KERNEL: Time: 0 ps,  Iteration: 2,  Instance: /alu16_tb/uut_str/OUTPUT_MUX,  Process: line__22.
# KERNEL: stopped at time: 7 us
# KERNEL: Simulation has finished. There are no more test vectors to simulate.
restart
# ELBREAD: Elaboration process.
# ELBREAD: Elaboration time 0.0 [s].
# 
# KERNEL: Main thread initiated.
# KERNEL: Kernel process initialization phase.
# ELAB2: Elaboration final pass...
# ELAB2: Create instances ...
# KERNEL: Time resolution set to 1ps.
# ELAB2: Create instances complete.
# SLP: Started
# SLP: Elaboration phase ...
# SLP: Elaboration phase ... skipped, nothing to simulate in SLP mode : 0.0 [s]
# SLP: Finished : 0.0 [s]
# ELAB2: Elaboration final pass complete - time: 0.0 [s].
# KERNEL: Warning: You are using the Active-HDL EDU Edition. The performance of simulation is running at a reduced rate.
# KERNEL: Warning: Contact Aldec for available upgrade options - sales@aldec.com.
# KERNEL: Kernel process initialization done.
# Allocation: Simulator allocated 6649 kB (elbread=432 elab2=6073 kernel=143 sdf=0)
# KERNEL: ASDB file was created in location C:\Aldec\My_Designs\cpu_443\alu16\src\wave.asdb
#  12:00 PM, Wednesday, November 19, 2025
#  Simulation has been initialized
# Waveform file 'C:/Aldec/My_Designs/cpu_443/alu16/src/alu_waveform.awc' connected to 'C:/Aldec/My_Designs/cpu_443/alu16/src/wave.asdb'.
# Stimuli: Info: The stimuli set "StimuliSet1" has been made active.
run @7us
# KERNEL: WARNING: NUMERIC_STD."=": metavalue detected, returning FALSE
# KERNEL: Time: 0 ps,  Iteration: 0,  Instance: /alu16_tb/uut_str,  Process: line__123.
# KERNEL: WARNING: NUMERIC_STD."=": metavalue detected, returning FALSE
# KERNEL: Time: 0 ps,  Iteration: 0,  Instance: /alu16_tb/uut_str,  Process: line__123.
# KERNEL: WARNING: NUMERIC_STD."=": metavalue detected, returning FALSE
# KERNEL: Time: 0 ps,  Iteration: 0,  Instance: /alu16_tb/uut_str,  Process: line__124.
# KERNEL: WARNING: NUMERIC_STD."=": metavalue detected, returning FALSE
# KERNEL: Time: 0 ps,  Iteration: 0,  Instance: /alu16_tb/uut_str,  Process: line__124.
# KERNEL: WARNING: NUMERIC_STD."<": metavalue detected, returning FALSE
# KERNEL: Time: 0 ps,  Iteration: 0,  Instance: /alu16_tb/uut_str/mul_unit,  Process: line__34.
# KERNEL: WARNING: NUMERIC_STD.">": metavalue detected, returning FALSE
# KERNEL: Time: 0 ps,  Iteration: 0,  Instance: /alu16_tb/uut_str/mul_unit,  Process: line__34.
# KERNEL: WARNING: NUMERIC_STD.TO_INTEGER: metavalue detected, returning 0
# KERNEL: Time: 0 ps,  Iteration: 0,  Instance: /alu16_tb/uut_str/OUTPUT_MUX,  Process: line__22.
# KERNEL: WARNING: NUMERIC_STD."<": metavalue detected, returning FALSE
# KERNEL: Time: 0 ps,  Iteration: 1,  Instance: /alu16_tb/uut_str/mul_unit,  Process: line__34.
# KERNEL: WARNING: NUMERIC_STD.">": metavalue detected, returning FALSE
# KERNEL: Time: 0 ps,  Iteration: 1,  Instance: /alu16_tb/uut_str/mul_unit,  Process: line__34.
# KERNEL: stopped at time: 7 us
# WAVEFORM: 4 signal(s) removed.
# WAVEFORM: 3 signal(s) removed.
# Adding file C:\Aldec\My_Designs\cpu_443\alu16\src\alu_waveform.awc ... Done
restart
# ELBREAD: Elaboration process.
# ELBREAD: Elaboration time 0.0 [s].
# 
# KERNEL: Main thread initiated.
# KERNEL: Kernel process initialization phase.
# ELAB2: Elaboration final pass...
# ELAB2: Create instances ...
# KERNEL: Time resolution set to 1ps.
# ELAB2: Create instances complete.
# SLP: Started
# SLP: Elaboration phase ...
# SLP: Elaboration phase ... skipped, nothing to simulate in SLP mode : 0.0 [s]
# SLP: Finished : 0.0 [s]
# ELAB2: Elaboration final pass complete - time: 0.0 [s].
# KERNEL: Warning: You are using the Active-HDL EDU Edition. The performance of simulation is running at a reduced rate.
# KERNEL: Warning: Contact Aldec for available upgrade options - sales@aldec.com.
# KERNEL: Kernel process initialization done.
# Allocation: Simulator allocated 6649 kB (elbread=432 elab2=6073 kernel=143 sdf=0)
# KERNEL: ASDB file was created in location C:\Aldec\My_Designs\cpu_443\alu16\src\wave.asdb
# Stimuli: Warning: The stimuli set "StimuliSet1" has been made inactive.
#  12:04 PM, Wednesday, November 19, 2025
#  Simulation has been initialized
# Waveform file 'C:/Aldec/My_Designs/cpu_443/alu16/src/alu_waveform.awc' connected to 'C:/Aldec/My_Designs/cpu_443/alu16/src/wave.asdb'.
# WAVEFORM: 3 object(s) inserted to virtual group 'Inputs'.
# WAVEFORM: 4 object(s) inserted to virtual group 'Results'.
run @7us
# KERNEL: WARNING: NUMERIC_STD."=": metavalue detected, returning FALSE
# KERNEL: Time: 0 ps,  Iteration: 0,  Instance: /alu16_tb/uut_str,  Process: line__123.
# KERNEL: WARNING: NUMERIC_STD."=": metavalue detected, returning FALSE
# KERNEL: Time: 0 ps,  Iteration: 0,  Instance: /alu16_tb/uut_str,  Process: line__123.
# KERNEL: WARNING: NUMERIC_STD."=": metavalue detected, returning FALSE
# KERNEL: Time: 0 ps,  Iteration: 0,  Instance: /alu16_tb/uut_str,  Process: line__124.
# KERNEL: WARNING: NUMERIC_STD."=": metavalue detected, returning FALSE
# KERNEL: Time: 0 ps,  Iteration: 0,  Instance: /alu16_tb/uut_str,  Process: line__124.
# KERNEL: WARNING: NUMERIC_STD."<": metavalue detected, returning FALSE
# KERNEL: Time: 0 ps,  Iteration: 0,  Instance: /alu16_tb/uut_str/mul_unit,  Process: line__34.
# KERNEL: WARNING: NUMERIC_STD.">": metavalue detected, returning FALSE
# KERNEL: Time: 0 ps,  Iteration: 0,  Instance: /alu16_tb/uut_str/mul_unit,  Process: line__34.
# KERNEL: WARNING: NUMERIC_STD.TO_INTEGER: metavalue detected, returning 0
# KERNEL: Time: 0 ps,  Iteration: 0,  Instance: /alu16_tb/uut_str/OUTPUT_MUX,  Process: line__22.
# KERNEL: WARNING: NUMERIC_STD."<": metavalue detected, returning FALSE
# KERNEL: Time: 0 ps,  Iteration: 1,  Instance: /alu16_tb/uut_str/mul_unit,  Process: line__34.
# KERNEL: WARNING: NUMERIC_STD.">": metavalue detected, returning FALSE
# KERNEL: Time: 0 ps,  Iteration: 1,  Instance: /alu16_tb/uut_str/mul_unit,  Process: line__34.
# KERNEL: WARNING: NUMERIC_STD.TO_INTEGER: metavalue detected, returning 0
# KERNEL: Time: 0 ps,  Iteration: 2,  Instance: /alu16_tb/uut_str/OUTPUT_MUX,  Process: line__22.
# KERNEL: stopped at time: 7 us
# KERNEL: Simulation has finished. There are no more test vectors to simulate.
restart
# ELBREAD: Elaboration process.
# ELBREAD: Elaboration time 0.0 [s].
# 
# KERNEL: Main thread initiated.
# KERNEL: Kernel process initialization phase.
# ELAB2: Elaboration final pass...
# ELAB2: Create instances ...
# KERNEL: Time resolution set to 1ps.
# ELAB2: Create instances complete.
# SLP: Started
# SLP: Elaboration phase ...
# SLP: Elaboration phase ... skipped, nothing to simulate in SLP mode : 0.0 [s]
# SLP: Finished : 0.0 [s]
# ELAB2: Elaboration final pass complete - time: 0.0 [s].
# KERNEL: Warning: You are using the Active-HDL EDU Edition. The performance of simulation is running at a reduced rate.
# KERNEL: Warning: Contact Aldec for available upgrade options - sales@aldec.com.
# KERNEL: Kernel process initialization done.
# Allocation: Simulator allocated 6649 kB (elbread=432 elab2=6073 kernel=143 sdf=0)
# KERNEL: ASDB file was created in location C:\Aldec\My_Designs\cpu_443\alu16\src\wave.asdb
#  12:04 PM, Wednesday, November 19, 2025
#  Simulation has been initialized
# Waveform file 'C:/Aldec/My_Designs/cpu_443/alu16/src/alu_waveform.awc' connected to 'C:/Aldec/My_Designs/cpu_443/alu16/src/wave.asdb'.
# WAVEFORM: 3 object(s) inserted to virtual group 'Inputs'.
# WAVEFORM: 4 object(s) inserted to virtual group 'Results'.
# Stimuli: Info: The stimuli set "StimuliSet1" has been made active.
run @7us
# KERNEL: WARNING: NUMERIC_STD."=": metavalue detected, returning FALSE
# KERNEL: Time: 0 ps,  Iteration: 0,  Instance: /alu16_tb/uut_str,  Process: line__123.
# KERNEL: WARNING: NUMERIC_STD."=": metavalue detected, returning FALSE
# KERNEL: Time: 0 ps,  Iteration: 0,  Instance: /alu16_tb/uut_str,  Process: line__123.
# KERNEL: WARNING: NUMERIC_STD."=": metavalue detected, returning FALSE
# KERNEL: Time: 0 ps,  Iteration: 0,  Instance: /alu16_tb/uut_str,  Process: line__124.
# KERNEL: WARNING: NUMERIC_STD."=": metavalue detected, returning FALSE
# KERNEL: Time: 0 ps,  Iteration: 0,  Instance: /alu16_tb/uut_str,  Process: line__124.
# KERNEL: WARNING: NUMERIC_STD."<": metavalue detected, returning FALSE
# KERNEL: Time: 0 ps,  Iteration: 0,  Instance: /alu16_tb/uut_str/mul_unit,  Process: line__34.
# KERNEL: WARNING: NUMERIC_STD.">": metavalue detected, returning FALSE
# KERNEL: Time: 0 ps,  Iteration: 0,  Instance: /alu16_tb/uut_str/mul_unit,  Process: line__34.
# KERNEL: WARNING: NUMERIC_STD.TO_INTEGER: metavalue detected, returning 0
# KERNEL: Time: 0 ps,  Iteration: 0,  Instance: /alu16_tb/uut_str/OUTPUT_MUX,  Process: line__22.
# KERNEL: WARNING: NUMERIC_STD."<": metavalue detected, returning FALSE
# KERNEL: Time: 0 ps,  Iteration: 1,  Instance: /alu16_tb/uut_str/mul_unit,  Process: line__34.
# KERNEL: WARNING: NUMERIC_STD.">": metavalue detected, returning FALSE
# KERNEL: Time: 0 ps,  Iteration: 1,  Instance: /alu16_tb/uut_str/mul_unit,  Process: line__34.
# KERNEL: stopped at time: 7 us
restart
# ELBREAD: Elaboration process.
# ELBREAD: Elaboration time 0.0 [s].
# 
# KERNEL: Main thread initiated.
# KERNEL: Kernel process initialization phase.
# ELAB2: Elaboration final pass...
# ELAB2: Create instances ...
# KERNEL: Time resolution set to 1ps.
# ELAB2: Create instances complete.
# SLP: Started
# SLP: Elaboration phase ...
# SLP: Elaboration phase ... skipped, nothing to simulate in SLP mode : 0.0 [s]
# SLP: Finished : 0.0 [s]
# ELAB2: Elaboration final pass complete - time: 0.0 [s].
# KERNEL: Warning: You are using the Active-HDL EDU Edition. The performance of simulation is running at a reduced rate.
# KERNEL: Warning: Contact Aldec for available upgrade options - sales@aldec.com.
# KERNEL: Kernel process initialization done.
# Allocation: Simulator allocated 6649 kB (elbread=432 elab2=6073 kernel=143 sdf=0)
# KERNEL: ASDB file was created in location C:\Aldec\My_Designs\cpu_443\alu16\src\wave.asdb
# Stimuli: Warning: The stimuli set "StimuliSet1" has been made inactive.
#  12:05 PM, Wednesday, November 19, 2025
#  Simulation has been initialized
# Waveform file 'C:/Aldec/My_Designs/cpu_443/alu16/src/alu_waveform.awc' connected to 'C:/Aldec/My_Designs/cpu_443/alu16/src/wave.asdb'.
# WAVEFORM: 3 object(s) inserted to virtual group 'Inputs'.
# WAVEFORM: 4 object(s) inserted to virtual group 'Results'.
# Stimuli: Info: The stimuli set "StimuliSet1" has been made active.
run @8us
# KERNEL: WARNING: NUMERIC_STD."=": metavalue detected, returning FALSE
# KERNEL: Time: 0 ps,  Iteration: 0,  Instance: /alu16_tb/uut_str,  Process: line__123.
# KERNEL: WARNING: NUMERIC_STD."=": metavalue detected, returning FALSE
# KERNEL: Time: 0 ps,  Iteration: 0,  Instance: /alu16_tb/uut_str,  Process: line__123.
# KERNEL: WARNING: NUMERIC_STD."=": metavalue detected, returning FALSE
# KERNEL: Time: 0 ps,  Iteration: 0,  Instance: /alu16_tb/uut_str,  Process: line__124.
# KERNEL: WARNING: NUMERIC_STD."=": metavalue detected, returning FALSE
# KERNEL: Time: 0 ps,  Iteration: 0,  Instance: /alu16_tb/uut_str,  Process: line__124.
# KERNEL: WARNING: NUMERIC_STD."<": metavalue detected, returning FALSE
# KERNEL: Time: 0 ps,  Iteration: 0,  Instance: /alu16_tb/uut_str/mul_unit,  Process: line__34.
# KERNEL: WARNING: NUMERIC_STD.">": metavalue detected, returning FALSE
# KERNEL: Time: 0 ps,  Iteration: 0,  Instance: /alu16_tb/uut_str/mul_unit,  Process: line__34.
# KERNEL: WARNING: NUMERIC_STD.TO_INTEGER: metavalue detected, returning 0
# KERNEL: Time: 0 ps,  Iteration: 0,  Instance: /alu16_tb/uut_str/OUTPUT_MUX,  Process: line__22.
# KERNEL: WARNING: NUMERIC_STD."<": metavalue detected, returning FALSE
# KERNEL: Time: 0 ps,  Iteration: 1,  Instance: /alu16_tb/uut_str/mul_unit,  Process: line__34.
# KERNEL: WARNING: NUMERIC_STD.">": metavalue detected, returning FALSE
# KERNEL: Time: 0 ps,  Iteration: 1,  Instance: /alu16_tb/uut_str/mul_unit,  Process: line__34.
# KERNEL: stopped at time: 8 us
# Adding file C:\Aldec\My_Designs\cpu_443\alu16\src\alu_waveform.awc ... Done
# Waveform file 'C:/Aldec/My_Designs/cpu_443/alu16/src/alu_waveform.awc' connected to 'C:/Aldec/My_Designs/cpu_443/alu16/src/wave.asdb'.
# Waveform file 'untitled.awc' connected to 'C:/Aldec/My_Designs/cpu_443/alu16/src/alu_waveform.asdb'.
# Waveform file 'C:/Aldec/My_Designs/cpu_443/alu16/src/alu_waveform.awc' connected to 'C:/Aldec/My_Designs/cpu_443/alu16/src/wave.asdb'.
restart
# ELBREAD: Elaboration process.
# ELBREAD: Elaboration time 0.0 [s].
# 
# KERNEL: Main thread initiated.
# KERNEL: Kernel process initialization phase.
# ELAB2: Elaboration final pass...
# ELAB2: Create instances ...
# KERNEL: Time resolution set to 1ps.
# ELAB2: Create instances complete.
# SLP: Started
# SLP: Elaboration phase ...
# SLP: Elaboration phase ... skipped, nothing to simulate in SLP mode : 0.0 [s]
# SLP: Finished : 0.0 [s]
# ELAB2: Elaboration final pass complete - time: 0.0 [s].
# KERNEL: Warning: You are using the Active-HDL EDU Edition. The performance of simulation is running at a reduced rate.
# KERNEL: Warning: Contact Aldec for available upgrade options - sales@aldec.com.
# KERNEL: Kernel process initialization done.
# Allocation: Simulator allocated 6649 kB (elbread=432 elab2=6073 kernel=143 sdf=0)
# KERNEL: ASDB file was created in location C:\Aldec\My_Designs\cpu_443\alu16\src\wave.asdb
# Stimuli: Warning: The stimuli set "StimuliSet1" has been made inactive.
#  12:23 PM, Wednesday, November 19, 2025
#  Simulation has been initialized
# Waveform file 'C:/Aldec/My_Designs/cpu_443/alu16/src/alu_waveform.awc' connected to 'C:/Aldec/My_Designs/cpu_443/alu16/src/wave.asdb'.
# WAVEFORM: 3 object(s) inserted to virtual group 'Inputs'.
# WAVEFORM: 4 object(s) inserted to virtual group 'Results'.
# Stimuli: Info: The stimuli set "Mult_overflow" has been made active.
run @1us
acom -O3 -e 100 -work alu16 -2008  $dsn/src/alu16.vhd
# Compile Entity "alu16"
# Compile Architecture "behavioral" of Entity "alu16"
# Compile Architecture "structural" of Entity "alu16"
# Compile success 0 Errors 0 Warnings  Analysis time :  0.1 [s]
# ELBREAD: Elaboration process.
# ELBREAD: Elaboration time 0.0 [s].
# 
# KERNEL: Main thread initiated.
# KERNEL: Kernel process initialization phase.
# ELAB2: Elaboration final pass...
# ELAB2: Create instances ...
# KERNEL: Time resolution set to 1ps.
# ELAB2: Create instances complete.
# SLP: Started
# SLP: Elaboration phase ...
# SLP: Elaboration phase ... skipped, nothing to simulate in SLP mode : 0.0 [s]
# SLP: Finished : 0.0 [s]
# ELAB2: Elaboration final pass complete - time: 0.0 [s].
# KERNEL: Warning: You are using the Active-HDL EDU Edition. The performance of simulation is running at a reduced rate.
# KERNEL: Warning: Contact Aldec for available upgrade options - sales@aldec.com.
# KERNEL: Kernel process initialization done.
# Allocation: Simulator allocated 6649 kB (elbread=432 elab2=6073 kernel=143 sdf=0)
# KERNEL: ASDB file was created in location C:\Aldec\My_Designs\cpu_443\alu16\src\wave.asdb
# Stimuli: Warning: The stimuli set "Mult_overflow" has been made inactive.
#  12:23 PM, Wednesday, November 19, 2025
#  Simulation has been initialized
# Waveform file 'C:/Aldec/My_Designs/cpu_443/alu16/src/alu_waveform.awc' connected to 'C:/Aldec/My_Designs/cpu_443/alu16/src/wave.asdb'.
# WAVEFORM: 3 object(s) inserted to virtual group 'Inputs'.
# WAVEFORM: 4 object(s) inserted to virtual group 'Results'.
# Stimuli: Info: The stimuli set "Mult_overflow" has been made active.
run @1us
# KERNEL: WARNING: NUMERIC_STD."=": metavalue detected, returning FALSE
# KERNEL: Time: 0 ps,  Iteration: 0,  Instance: /alu16_tb/uut_str,  Process: line__123.
# KERNEL: WARNING: NUMERIC_STD."=": metavalue detected, returning FALSE
# KERNEL: Time: 0 ps,  Iteration: 0,  Instance: /alu16_tb/uut_str,  Process: line__123.
# KERNEL: WARNING: NUMERIC_STD."=": metavalue detected, returning FALSE
# KERNEL: Time: 0 ps,  Iteration: 0,  Instance: /alu16_tb/uut_str,  Process: line__124.
# KERNEL: WARNING: NUMERIC_STD."=": metavalue detected, returning FALSE
# KERNEL: Time: 0 ps,  Iteration: 0,  Instance: /alu16_tb/uut_str,  Process: line__124.
# KERNEL: WARNING: NUMERIC_STD."<": metavalue detected, returning FALSE
# KERNEL: Time: 0 ps,  Iteration: 0,  Instance: /alu16_tb/uut_str/mul_unit,  Process: line__34.
# KERNEL: WARNING: NUMERIC_STD.">": metavalue detected, returning FALSE
# KERNEL: Time: 0 ps,  Iteration: 0,  Instance: /alu16_tb/uut_str/mul_unit,  Process: line__34.
# KERNEL: WARNING: NUMERIC_STD.TO_INTEGER: metavalue detected, returning 0
# KERNEL: Time: 0 ps,  Iteration: 0,  Instance: /alu16_tb/uut_str/OUTPUT_MUX,  Process: line__22.
# KERNEL: WARNING: NUMERIC_STD."<": metavalue detected, returning FALSE
# KERNEL: Time: 0 ps,  Iteration: 1,  Instance: /alu16_tb/uut_str/mul_unit,  Process: line__34.
# KERNEL: WARNING: NUMERIC_STD.">": metavalue detected, returning FALSE
# KERNEL: Time: 0 ps,  Iteration: 1,  Instance: /alu16_tb/uut_str/mul_unit,  Process: line__34.
# KERNEL: WARNING: NUMERIC_STD.TO_INTEGER: metavalue detected, returning 0
# KERNEL: Time: 0 ps,  Iteration: 2,  Instance: /alu16_tb/uut_str/OUTPUT_MUX,  Process: line__22.
# KERNEL: stopped at time: 1 us
restart
# ELBREAD: Elaboration process.
# ELBREAD: Elaboration time 0.0 [s].
# 
# KERNEL: Main thread initiated.
# KERNEL: Kernel process initialization phase.
# ELAB2: Elaboration final pass...
# ELAB2: Create instances ...
# KERNEL: Time resolution set to 1ps.
# ELAB2: Create instances complete.
# SLP: Started
# SLP: Elaboration phase ...
# SLP: Elaboration phase ... skipped, nothing to simulate in SLP mode : 0.0 [s]
# SLP: Finished : 0.0 [s]
# ELAB2: Elaboration final pass complete - time: 0.0 [s].
# KERNEL: Warning: You are using the Active-HDL EDU Edition. The performance of simulation is running at a reduced rate.
# KERNEL: Warning: Contact Aldec for available upgrade options - sales@aldec.com.
# KERNEL: Kernel process initialization done.
# Allocation: Simulator allocated 6649 kB (elbread=432 elab2=6073 kernel=143 sdf=0)
# KERNEL: ASDB file was created in location C:\Aldec\My_Designs\cpu_443\alu16\src\wave.asdb
# Stimuli: Warning: The stimuli set "Mult_overflow" has been made inactive.
#  12:24 PM, Wednesday, November 19, 2025
#  Simulation has been initialized
# Waveform file 'C:/Aldec/My_Designs/cpu_443/alu16/src/alu_waveform.awc' connected to 'C:/Aldec/My_Designs/cpu_443/alu16/src/wave.asdb'.
# WAVEFORM: 3 object(s) inserted to virtual group 'Inputs'.
# WAVEFORM: 4 object(s) inserted to virtual group 'Results'.
# Stimuli: Info: The stimuli set "Mult_overflow" has been made active.
run @1us
# KERNEL: WARNING: NUMERIC_STD."=": metavalue detected, returning FALSE
# KERNEL: Time: 0 ps,  Iteration: 0,  Instance: /alu16_tb/uut_str,  Process: line__123.
# KERNEL: WARNING: NUMERIC_STD."=": metavalue detected, returning FALSE
# KERNEL: Time: 0 ps,  Iteration: 0,  Instance: /alu16_tb/uut_str,  Process: line__123.
# KERNEL: WARNING: NUMERIC_STD."=": metavalue detected, returning FALSE
# KERNEL: Time: 0 ps,  Iteration: 0,  Instance: /alu16_tb/uut_str,  Process: line__124.
# KERNEL: WARNING: NUMERIC_STD."=": metavalue detected, returning FALSE
# KERNEL: Time: 0 ps,  Iteration: 0,  Instance: /alu16_tb/uut_str,  Process: line__124.
# KERNEL: WARNING: NUMERIC_STD."<": metavalue detected, returning FALSE
# KERNEL: Time: 0 ps,  Iteration: 0,  Instance: /alu16_tb/uut_str/mul_unit,  Process: line__34.
# KERNEL: WARNING: NUMERIC_STD.">": metavalue detected, returning FALSE
# KERNEL: Time: 0 ps,  Iteration: 0,  Instance: /alu16_tb/uut_str/mul_unit,  Process: line__34.
# KERNEL: WARNING: NUMERIC_STD.TO_INTEGER: metavalue detected, returning 0
# KERNEL: Time: 0 ps,  Iteration: 0,  Instance: /alu16_tb/uut_str/OUTPUT_MUX,  Process: line__22.
# KERNEL: WARNING: NUMERIC_STD."<": metavalue detected, returning FALSE
# KERNEL: Time: 0 ps,  Iteration: 1,  Instance: /alu16_tb/uut_str/mul_unit,  Process: line__34.
# KERNEL: WARNING: NUMERIC_STD.">": metavalue detected, returning FALSE
# KERNEL: Time: 0 ps,  Iteration: 1,  Instance: /alu16_tb/uut_str/mul_unit,  Process: line__34.
# KERNEL: stopped at time: 1 us
restart
# ELBREAD: Elaboration process.
# ELBREAD: Elaboration time 0.0 [s].
# 
# KERNEL: Main thread initiated.
# KERNEL: Kernel process initialization phase.
# ELAB2: Elaboration final pass...
# ELAB2: Create instances ...
# KERNEL: Time resolution set to 1ps.
# ELAB2: Create instances complete.
# SLP: Started
# SLP: Elaboration phase ...
# SLP: Elaboration phase ... skipped, nothing to simulate in SLP mode : 0.0 [s]
# SLP: Finished : 0.0 [s]
# ELAB2: Elaboration final pass complete - time: 0.0 [s].
# KERNEL: Warning: You are using the Active-HDL EDU Edition. The performance of simulation is running at a reduced rate.
# KERNEL: Warning: Contact Aldec for available upgrade options - sales@aldec.com.
# KERNEL: Kernel process initialization done.
# Allocation: Simulator allocated 6649 kB (elbread=432 elab2=6073 kernel=143 sdf=0)
# KERNEL: ASDB file was created in location C:\Aldec\My_Designs\cpu_443\alu16\src\wave.asdb
# Stimuli: Warning: The stimuli set "Mult_overflow" has been made inactive.
#  12:25 PM, Wednesday, November 19, 2025
#  Simulation has been initialized
# Waveform file 'C:/Aldec/My_Designs/cpu_443/alu16/src/alu_waveform.awc' connected to 'C:/Aldec/My_Designs/cpu_443/alu16/src/wave.asdb'.
# WAVEFORM: 3 object(s) inserted to virtual group 'Inputs'.
# WAVEFORM: 4 object(s) inserted to virtual group 'Results'.
# Stimuli: Info: The stimuli set "Mult_overflow" has been made active.
run @1us
# KERNEL: WARNING: NUMERIC_STD."=": metavalue detected, returning FALSE
# KERNEL: Time: 0 ps,  Iteration: 0,  Instance: /alu16_tb/uut_str,  Process: line__123.
# KERNEL: WARNING: NUMERIC_STD."=": metavalue detected, returning FALSE
# KERNEL: Time: 0 ps,  Iteration: 0,  Instance: /alu16_tb/uut_str,  Process: line__123.
# KERNEL: WARNING: NUMERIC_STD."=": metavalue detected, returning FALSE
# KERNEL: Time: 0 ps,  Iteration: 0,  Instance: /alu16_tb/uut_str,  Process: line__124.
# KERNEL: WARNING: NUMERIC_STD."=": metavalue detected, returning FALSE
# KERNEL: Time: 0 ps,  Iteration: 0,  Instance: /alu16_tb/uut_str,  Process: line__124.
# KERNEL: WARNING: NUMERIC_STD."<": metavalue detected, returning FALSE
# KERNEL: Time: 0 ps,  Iteration: 0,  Instance: /alu16_tb/uut_str/mul_unit,  Process: line__34.
# KERNEL: WARNING: NUMERIC_STD.">": metavalue detected, returning FALSE
# KERNEL: Time: 0 ps,  Iteration: 0,  Instance: /alu16_tb/uut_str/mul_unit,  Process: line__34.
# KERNEL: WARNING: NUMERIC_STD.TO_INTEGER: metavalue detected, returning 0
# KERNEL: Time: 0 ps,  Iteration: 0,  Instance: /alu16_tb/uut_str/OUTPUT_MUX,  Process: line__22.
# KERNEL: WARNING: NUMERIC_STD."<": metavalue detected, returning FALSE
# KERNEL: Time: 0 ps,  Iteration: 1,  Instance: /alu16_tb/uut_str/mul_unit,  Process: line__34.
# KERNEL: WARNING: NUMERIC_STD.">": metavalue detected, returning FALSE
# KERNEL: Time: 0 ps,  Iteration: 1,  Instance: /alu16_tb/uut_str/mul_unit,  Process: line__34.
# KERNEL: stopped at time: 1 us
restart
# ELBREAD: Elaboration process.
# ELBREAD: Elaboration time 0.0 [s].
# 
# KERNEL: Main thread initiated.
# KERNEL: Kernel process initialization phase.
# ELAB2: Elaboration final pass...
# ELAB2: Create instances ...
# KERNEL: Time resolution set to 1ps.
# ELAB2: Create instances complete.
# SLP: Started
# SLP: Elaboration phase ...
# SLP: Elaboration phase ... skipped, nothing to simulate in SLP mode : 0.0 [s]
# SLP: Finished : 0.0 [s]
# ELAB2: Elaboration final pass complete - time: 0.0 [s].
# KERNEL: Warning: You are using the Active-HDL EDU Edition. The performance of simulation is running at a reduced rate.
# KERNEL: Warning: Contact Aldec for available upgrade options - sales@aldec.com.
# KERNEL: Kernel process initialization done.
# Allocation: Simulator allocated 6649 kB (elbread=432 elab2=6073 kernel=143 sdf=0)
# KERNEL: ASDB file was created in location C:\Aldec\My_Designs\cpu_443\alu16\src\wave.asdb
# Stimuli: Warning: The stimuli set "Mult_overflow" has been made inactive.
#  12:26 PM, Wednesday, November 19, 2025
#  Simulation has been initialized
# Waveform file 'C:/Aldec/My_Designs/cpu_443/alu16/src/alu_waveform.awc' connected to 'C:/Aldec/My_Designs/cpu_443/alu16/src/wave.asdb'.
# WAVEFORM: 3 object(s) inserted to virtual group 'Inputs'.
# WAVEFORM: 4 object(s) inserted to virtual group 'Results'.
# Stimuli: Info: The stimuli set "Mult_overflow" has been made active.
run @1us
# KERNEL: WARNING: NUMERIC_STD."=": metavalue detected, returning FALSE
# KERNEL: Time: 0 ps,  Iteration: 0,  Instance: /alu16_tb/uut_str,  Process: line__123.
# KERNEL: WARNING: NUMERIC_STD."=": metavalue detected, returning FALSE
# KERNEL: Time: 0 ps,  Iteration: 0,  Instance: /alu16_tb/uut_str,  Process: line__123.
# KERNEL: WARNING: NUMERIC_STD."=": metavalue detected, returning FALSE
# KERNEL: Time: 0 ps,  Iteration: 0,  Instance: /alu16_tb/uut_str,  Process: line__124.
# KERNEL: WARNING: NUMERIC_STD."=": metavalue detected, returning FALSE
# KERNEL: Time: 0 ps,  Iteration: 0,  Instance: /alu16_tb/uut_str,  Process: line__124.
# KERNEL: WARNING: NUMERIC_STD."<": metavalue detected, returning FALSE
# KERNEL: Time: 0 ps,  Iteration: 0,  Instance: /alu16_tb/uut_str/mul_unit,  Process: line__34.
# KERNEL: WARNING: NUMERIC_STD.">": metavalue detected, returning FALSE
# KERNEL: Time: 0 ps,  Iteration: 0,  Instance: /alu16_tb/uut_str/mul_unit,  Process: line__34.
# KERNEL: WARNING: NUMERIC_STD.TO_INTEGER: metavalue detected, returning 0
# KERNEL: Time: 0 ps,  Iteration: 0,  Instance: /alu16_tb/uut_str/OUTPUT_MUX,  Process: line__22.
# KERNEL: WARNING: NUMERIC_STD."<": metavalue detected, returning FALSE
# KERNEL: Time: 0 ps,  Iteration: 1,  Instance: /alu16_tb/uut_str/mul_unit,  Process: line__34.
# KERNEL: WARNING: NUMERIC_STD.">": metavalue detected, returning FALSE
# KERNEL: Time: 0 ps,  Iteration: 1,  Instance: /alu16_tb/uut_str/mul_unit,  Process: line__34.
# KERNEL: stopped at time: 1 us
restart
# ELBREAD: Elaboration process.
# ELBREAD: Elaboration time 0.0 [s].
# 
# KERNEL: Main thread initiated.
# KERNEL: Kernel process initialization phase.
# ELAB2: Elaboration final pass...
# ELAB2: Create instances ...
# KERNEL: Time resolution set to 1ps.
# ELAB2: Create instances complete.
# SLP: Started
# SLP: Elaboration phase ...
# SLP: Elaboration phase ... skipped, nothing to simulate in SLP mode : 0.0 [s]
# SLP: Finished : 0.0 [s]
# ELAB2: Elaboration final pass complete - time: 0.0 [s].
# KERNEL: Warning: You are using the Active-HDL EDU Edition. The performance of simulation is running at a reduced rate.
# KERNEL: Warning: Contact Aldec for available upgrade options - sales@aldec.com.
# KERNEL: Kernel process initialization done.
# Allocation: Simulator allocated 6649 kB (elbread=432 elab2=6073 kernel=143 sdf=0)
# KERNEL: ASDB file was created in location C:\Aldec\My_Designs\cpu_443\alu16\src\wave.asdb
# Stimuli: Warning: The stimuli set "Mult_overflow" has been made inactive.
#  12:27 PM, Wednesday, November 19, 2025
#  Simulation has been initialized
# Waveform file 'C:/Aldec/My_Designs/cpu_443/alu16/src/alu_waveform.awc' connected to 'C:/Aldec/My_Designs/cpu_443/alu16/src/wave.asdb'.
# WAVEFORM: 3 object(s) inserted to virtual group 'Inputs'.
# WAVEFORM: 4 object(s) inserted to virtual group 'Results'.
# Stimuli: Info: The stimuli set "Mult_overflow" has been made active.
run @1us
# KERNEL: WARNING: NUMERIC_STD."=": metavalue detected, returning FALSE
# KERNEL: Time: 0 ps,  Iteration: 0,  Instance: /alu16_tb/uut_str,  Process: line__123.
# KERNEL: WARNING: NUMERIC_STD."=": metavalue detected, returning FALSE
# KERNEL: Time: 0 ps,  Iteration: 0,  Instance: /alu16_tb/uut_str,  Process: line__123.
# KERNEL: WARNING: NUMERIC_STD."=": metavalue detected, returning FALSE
# KERNEL: Time: 0 ps,  Iteration: 0,  Instance: /alu16_tb/uut_str,  Process: line__124.
# KERNEL: WARNING: NUMERIC_STD."=": metavalue detected, returning FALSE
# KERNEL: Time: 0 ps,  Iteration: 0,  Instance: /alu16_tb/uut_str,  Process: line__124.
# KERNEL: WARNING: NUMERIC_STD."<": metavalue detected, returning FALSE
# KERNEL: Time: 0 ps,  Iteration: 0,  Instance: /alu16_tb/uut_str/mul_unit,  Process: line__34.
# KERNEL: WARNING: NUMERIC_STD.">": metavalue detected, returning FALSE
# KERNEL: Time: 0 ps,  Iteration: 0,  Instance: /alu16_tb/uut_str/mul_unit,  Process: line__34.
# KERNEL: WARNING: NUMERIC_STD.TO_INTEGER: metavalue detected, returning 0
# KERNEL: Time: 0 ps,  Iteration: 0,  Instance: /alu16_tb/uut_str/OUTPUT_MUX,  Process: line__22.
# KERNEL: WARNING: NUMERIC_STD."<": metavalue detected, returning FALSE
# KERNEL: Time: 0 ps,  Iteration: 1,  Instance: /alu16_tb/uut_str/mul_unit,  Process: line__34.
# KERNEL: WARNING: NUMERIC_STD.">": metavalue detected, returning FALSE
# KERNEL: Time: 0 ps,  Iteration: 1,  Instance: /alu16_tb/uut_str/mul_unit,  Process: line__34.
# KERNEL: stopped at time: 1 us
run 1000ns
# KERNEL: stopped at time: 2 us
run 1000ns
# KERNEL: stopped at time: 3 us
# Adding file C:\Aldec\My_Designs\cpu_443\alu16\src\alu_waveform.awc ... Done
